Traceback (most recent call last):
  File "c:\users\vatsa\appdata\local\programs\python\python37-32\lib\site-packages\jupyter_cache\executors\utils.py", line 56, in single_nb_execution
    record_timing=False,
  File "c:\users\vatsa\appdata\local\programs\python\python37-32\lib\site-packages\nbclient\client.py", line 1082, in execute
    return NotebookClient(nb=nb, resources=resources, km=km, **kwargs).execute()
  File "c:\users\vatsa\appdata\local\programs\python\python37-32\lib\site-packages\nbclient\util.py", line 74, in wrapped
    return just_run(coro(*args, **kwargs))
  File "c:\users\vatsa\appdata\local\programs\python\python37-32\lib\site-packages\nbclient\util.py", line 53, in just_run
    return loop.run_until_complete(coro)
  File "c:\users\vatsa\appdata\local\programs\python\python37-32\lib\asyncio\base_events.py", line 584, in run_until_complete
    return future.result()
  File "c:\users\vatsa\appdata\local\programs\python\python37-32\lib\site-packages\nbclient\client.py", line 536, in async_execute
    cell, index, execution_count=self.code_cells_executed + 1
  File "c:\users\vatsa\appdata\local\programs\python\python37-32\lib\site-packages\nbclient\client.py", line 827, in async_execute_cell
    self._check_raise_for_error(cell, exec_reply)
  File "c:\users\vatsa\appdata\local\programs\python\python37-32\lib\site-packages\nbclient\client.py", line 735, in _check_raise_for_error
    raise CellExecutionError.from_cell_and_msg(cell, exec_reply['content'])
nbclient.exceptions.CellExecutionError: An error occurred while executing the following cell:
------------------
import numpy as np
import xgboost
from xgboost import XGBClassifier
from sklearn.datasets import load_breast_cancer
from sklearn.model_selection import train_test_split
from sklearn.metrics import accuracy_score
------------------

[1;31m---------------------------------------------------------------------------[0m
[1;31mModuleNotFoundError[0m                       Traceback (most recent call last)
[1;32m<ipython-input-1-7340bcefd40d>[0m in [0;36m<module>[1;34m[0m
[0;32m      1[0m [1;32mimport[0m [0mnumpy[0m [1;32mas[0m [0mnp[0m[1;33m[0m[1;33m[0m[0m
[1;32m----> 2[1;33m [1;32mimport[0m [0mxgboost[0m[1;33m[0m[1;33m[0m[0m
[0m[0;32m      3[0m [1;32mfrom[0m [0mxgboost[0m [1;32mimport[0m [0mXGBClassifier[0m[1;33m[0m[1;33m[0m[0m
[0;32m      4[0m [1;32mfrom[0m [0msklearn[0m[1;33m.[0m[0mdatasets[0m [1;32mimport[0m [0mload_breast_cancer[0m[1;33m[0m[1;33m[0m[0m
[0;32m      5[0m [1;32mfrom[0m [0msklearn[0m[1;33m.[0m[0mmodel_selection[0m [1;32mimport[0m [0mtrain_test_split[0m[1;33m[0m[1;33m[0m[0m

[1;31mModuleNotFoundError[0m: No module named 'xgboost'
ModuleNotFoundError: No module named 'xgboost'

